<?xml version="1.0" encoding="UTF-8"?>
<!-- Generated by org.testng.reporters.JUnitReportReporter -->
<testsuite hostname="JYOTISKA-DX7590" failures="0" tests="2" name="JDProjects.Mavenjava.RestAPITest" time="0.000" errors="0" timestamp="2020-09-08T08:59:03 IST" skipped="0">
  <testcase classname="JDProjects.Mavenjava.RestAPITest" name="RestAPIAutomation2" time="0.000"/>
  <system-out/>
  <testcase classname="JDProjects.Mavenjava.RestAPITest" name="RestAPIAutomation1" time="0.000"/>
  <system-out/>
</testsuite> <!-- JDProjects.Mavenjava.RestAPITest -->
