<?xml version="1.0" encoding="UTF-8"?>
<!-- Generated by org.testng.reporters.JUnitReportReporter -->
<testsuite hostname="JYOTISKA-DX7590" failures="0" tests="2" name="JDProjects.Mavenjava.AppiumTest" time="0.003" errors="0" timestamp="2020-09-08T08:59:03 IST" skipped="0">
  <testcase classname="JDProjects.Mavenjava.AppiumTest" name="MobileAutomation1" time="0.003"/>
  <system-out/>
  <testcase classname="JDProjects.Mavenjava.AppiumTest" name="MobileAutomation2" time="0.000"/>
  <system-out/>
</testsuite> <!-- JDProjects.Mavenjava.AppiumTest -->
